<?xml version="1.0" encoding="UTF-8"?>
<!-- Generated by org.testng.reporters.JUnitReportReporter -->
<testsuite hostname="DESKTOP-MLG7LH8" failures="0" tests="1" name="tests.basic.PageObjectCode" time="10.806" errors="0" timestamp="2022-11-26T23:34:53 IST" skipped="0">
  <testcase classname="tests.basic.PageObjectCode" name="test" time="10.806"/>
  <system-out/>
</testsuite> <!-- tests.basic.PageObjectCode -->
