<?xml version="1.0" encoding="UTF-8"?>
<!-- Generated by org.testng.reporters.JUnitReportReporter -->
<testsuite hostname="DESKTOP-MLG7LH8" failures="0" tests="1" name="tests.basic.OldCodeTest" time="11.590" errors="0" timestamp="2022-11-21T20:46:59 IST" skipped="0">
  <testcase classname="tests.basic.OldCodeTest" name="test" time="11.590"/>
  <system-out/>
</testsuite> <!-- tests.basic.OldCodeTest -->
